<?xml version="1.0" encoding="UTF-8"?>
<testng-results ignored="0" total="1" passed="1" failed="0" skipped="0">
  <reporter-output>
  </reporter-output>
  <suite started-at="2024-09-30T20:47:32 IST" name="Default suite" finished-at="2024-09-30T20:47:34 IST" duration-ms="1795">
    <groups>
    </groups>
    <test started-at="2024-09-30T20:47:32 IST" name="Default test" finished-at="2024-09-30T20:47:34 IST" duration-ms="1795">
      <class name="log4jframework.Log4jTutorial">
        <test-method signature="googlesearch()[pri:0, instance:log4jframework.Log4jTutorial@2c1b194a]" started-at="2024-09-30T20:47:32 IST" name="googlesearch" finished-at="2024-09-30T20:47:34 IST" duration-ms="1750" status="PASS">
          <reporter-output>
          </reporter-output>
        </test-method> <!-- googlesearch -->
      </class> <!-- log4jframework.Log4jTutorial -->
    </test> <!-- Default test -->
  </suite> <!-- Default suite -->
</testng-results>
